[28-Jan-2021 09:52:30 UTC] PHP Parse error:  syntax error, unexpected 'if' (T_IF) in E:\www\admin\admin.php on line 7
[28-Jan-2021 11:46:45 UTC] PHP Parse error:  syntax error, unexpected '}' in E:\www\admin\admin.php on line 152
[28-Jan-2021 11:47:45 UTC] PHP Warning:  Use of undefined constant php - assumed 'php' (this will throw an Error in a future version of PHP) in E:\www\admin\admin.php on line 152
[28-Jan-2021 11:47:45 UTC] PHP Warning:  Use of undefined constant php - assumed 'php' (this will throw an Error in a future version of PHP) in E:\www\admin\admin.php on line 152
[28-Jan-2021 11:47:45 UTC] PHP Warning:  Use of undefined constant php - assumed 'php' (this will throw an Error in a future version of PHP) in E:\www\admin\admin.php on line 152
[28-Jan-2021 11:47:45 UTC] PHP Warning:  Use of undefined constant php - assumed 'php' (this will throw an Error in a future version of PHP) in E:\www\admin\admin.php on line 152
[28-Jan-2021 11:47:45 UTC] PHP Warning:  Use of undefined constant php - assumed 'php' (this will throw an Error in a future version of PHP) in E:\www\admin\admin.php on line 152
[01-Apr-2021 15:48:31 UTC] PHP Warning:  file_get_contents(): Filename cannot be empty in E:\www\admin\handler.php on line 174
[04-Apr-2021 06:04:12 UTC] PHP Fatal error:  Uncaught PDOException: SQLSTATE[HY000] [1130] Host '_gateway' is not allowed to connect to this MySQL server in E:\www\include\db.php:10
Stack trace:
#0 E:\www\include\db.php(10): PDO->__construct('mysql:host=109....', 'admin', 'admin', Array)
#1 E:\www\admin\admin.php(3): require('E:\\www\\include\\...')
#2 {main}
  thrown in E:\www\include\db.php on line 10
[04-Apr-2021 06:04:20 UTC] PHP Fatal error:  Uncaught PDOException: SQLSTATE[HY000] [1130] Host '_gateway' is not allowed to connect to this MySQL server in E:\www\include\db.php:10
Stack trace:
#0 E:\www\include\db.php(10): PDO->__construct('mysql:host=109....', 'admin', 'admin', Array)
#1 E:\www\admin\admin.php(3): require('E:\\www\\include\\...')
#2 {main}
  thrown in E:\www\include\db.php on line 10
[04-Apr-2021 06:04:22 UTC] PHP Fatal error:  Uncaught PDOException: SQLSTATE[HY000] [1130] Host '_gateway' is not allowed to connect to this MySQL server in E:\www\include\db.php:10
Stack trace:
#0 E:\www\include\db.php(10): PDO->__construct('mysql:host=109....', 'admin', 'admin', Array)
#1 E:\www\admin\admin.php(3): require('E:\\www\\include\\...')
#2 {main}
  thrown in E:\www\include\db.php on line 10
[04-Apr-2021 07:55:21 UTC] PHP Warning:  Use of undefined constant filterItemsArr - assumed 'filterItemsArr' (this will throw an Error in a future version of PHP) in E:\www\admin\admindbhandler.php on line 144
[04-Apr-2021 07:55:21 UTC] PHP Warning:  array_map(): Expected parameter 2 to be an array, string given in E:\www\admin\admindbhandler.php on line 144
[04-Apr-2021 07:57:41 UTC] PHP Fatal error:  Uncaught Error: Cannot use object of type stdClass as array in E:\www\admin\admindbhandler.php:146
Stack trace:
#0 [internal function]: getItem(Object(stdClass))
#1 E:\www\admin\admindbhandler.php(149): array_map('getItem', Array)
#2 {main}
  thrown in E:\www\admin\admindbhandler.php on line 146
[04-Apr-2021 08:05:37 UTC] PHP Warning:  Use of undefined constant TURE - assumed 'TURE' (this will throw an Error in a future version of PHP) in E:\www\admin\admindbhandler.php on line 143
[04-Apr-2021 08:14:35 UTC] PHP Warning:  file_get_contents(): Filename cannot be empty in E:\www\admin\handler.php on line 35
[09-Apr-2021 01:36:31 UTC] PHP Parse error:  syntax error, unexpected ';', expecting ')' in E:\www\admin\admindbhandler.php on line 164
[09-Apr-2021 01:36:31 UTC] PHP Parse error:  syntax error, unexpected ';', expecting ')' in E:\www\admin\admindbhandler.php on line 164
[09-Apr-2021 01:36:31 UTC] PHP Parse error:  syntax error, unexpected ';', expecting ')' in E:\www\admin\admindbhandler.php on line 164
[09-Apr-2021 01:39:13 UTC] PHP Parse error:  syntax error, unexpected ';', expecting ')' in E:\www\admin\admindbhandler.php on line 164
[09-Apr-2021 01:40:19 UTC] PHP Parse error:  syntax error, unexpected ';', expecting ')' in E:\www\admin\admindbhandler.php on line 164
[09-Apr-2021 01:40:19 UTC] PHP Parse error:  syntax error, unexpected ';', expecting ')' in E:\www\admin\admindbhandler.php on line 164
[09-Apr-2021 01:40:19 UTC] PHP Parse error:  syntax error, unexpected ';', expecting ')' in E:\www\admin\admindbhandler.php on line 164
[09-Apr-2021 01:40:21 UTC] PHP Parse error:  syntax error, unexpected ';', expecting ')' in E:\www\admin\admindbhandler.php on line 164
[09-Apr-2021 01:40:35 UTC] PHP Warning:  file_get_contents(): Filename cannot be empty in E:\www\admin\admindbhandler.php on line 164
[09-Apr-2021 01:55:27 UTC] PHP Warning:  file_get_contents(): Filename cannot be empty in E:\www\admin\admindbhandler.php on line 164
[10-Apr-2021 08:05:20 UTC] PHP Parse error:  syntax error, unexpected ''smallPic'' (T_CONSTANT_ENCAPSED_STRING), expecting ']' in E:\www\admin\admindbhandler.php on line 195
[10-Apr-2021 08:05:20 UTC] PHP Parse error:  syntax error, unexpected ''smallPic'' (T_CONSTANT_ENCAPSED_STRING), expecting ']' in E:\www\admin\admindbhandler.php on line 195
[10-Apr-2021 08:05:20 UTC] PHP Parse error:  syntax error, unexpected ''smallPic'' (T_CONSTANT_ENCAPSED_STRING), expecting ']' in E:\www\admin\admindbhandler.php on line 195
[10-Apr-2021 08:05:23 UTC] PHP Parse error:  syntax error, unexpected ''smallPic'' (T_CONSTANT_ENCAPSED_STRING), expecting ']' in E:\www\admin\admindbhandler.php on line 195
[10-Apr-2021 08:05:23 UTC] PHP Parse error:  syntax error, unexpected ''smallPic'' (T_CONSTANT_ENCAPSED_STRING), expecting ']' in E:\www\admin\admindbhandler.php on line 195
[10-Apr-2021 08:05:23 UTC] PHP Parse error:  syntax error, unexpected ''smallPic'' (T_CONSTANT_ENCAPSED_STRING), expecting ']' in E:\www\admin\admindbhandler.php on line 195
[15-Apr-2021 07:37:20 UTC] PHP Warning:  file_get_contents(): Filename cannot be empty in E:\www\admin\admindbhandler.php on line 165
[15-Apr-2021 07:38:14 UTC] PHP Warning:  file_get_contents(): Filename cannot be empty in E:\www\admin\admindbhandler.php on line 165
[20-Apr-2021 02:41:02 UTC] PHP Warning:  mail(): Failed to connect to mailserver at &quot;localhost&quot; port 25, verify your &quot;SMTP&quot; and &quot;smtp_port&quot; setting in php.ini or use ini_set() in E:\www\admin\admin.php on line 90
[20-Apr-2021 02:41:31 UTC] PHP Warning:  mail(): Failed to connect to mailserver at &quot;localhost&quot; port 25, verify your &quot;SMTP&quot; and &quot;smtp_port&quot; setting in php.ini or use ini_set() in E:\www\admin\admin.php on line 72
[20-Apr-2021 02:44:42 UTC] PHP Warning:  mail(): Failed to connect to mailserver at &quot;localhost&quot; port 25, verify your &quot;SMTP&quot; and &quot;smtp_port&quot; setting in php.ini or use ini_set() in E:\www\admin\admin.php on line 72
[27-Apr-2021 04:01:15 UTC] PHP Warning:  mail(): Failed to connect to mailserver at &quot;localhost&quot; port 25, verify your &quot;SMTP&quot; and &quot;smtp_port&quot; setting in php.ini or use ini_set() in E:\www\admin\admin.php on line 72
[27-Apr-2021 04:01:17 UTC] PHP Warning:  mail(): Failed to connect to mailserver at &quot;localhost&quot; port 25, verify your &quot;SMTP&quot; and &quot;smtp_port&quot; setting in php.ini or use ini_set() in E:\www\admin\admin.php on line 72
[29-Apr-2021 04:37:16 UTC] PHP Warning:  mail(): Failed to connect to mailserver at &quot;localhost&quot; port 25, verify your &quot;SMTP&quot; and &quot;smtp_port&quot; setting in php.ini or use ini_set() in E:\www\admin\admin.php on line 72
[29-Apr-2021 04:37:18 UTC] PHP Warning:  mail(): Failed to connect to mailserver at &quot;localhost&quot; port 25, verify your &quot;SMTP&quot; and &quot;smtp_port&quot; setting in php.ini or use ini_set() in E:\www\admin\admin.php on line 72
[29-Apr-2021 04:45:01 UTC] PHP Warning:  mail(): Failed to connect to mailserver at &quot;localhost&quot; port 25, verify your &quot;SMTP&quot; and &quot;smtp_port&quot; setting in php.ini or use ini_set() in E:\www\admin\admin.php on line 72
[20-May-2021 04:49:13 UTC] PHP Warning:  session_destroy(): Trying to destroy uninitialized session in E:\www\admin\sessionunset.php on line 4
[20-May-2021 04:51:06 UTC] PHP Warning:  session_unset() expects exactly 0 parameters, 1 given in E:\www\admin\sessionunset.php on line 3
[20-May-2021 04:51:06 UTC] PHP Warning:  session_destroy(): Trying to destroy uninitialized session in E:\www\admin\sessionunset.php on line 4
[20-May-2021 04:51:28 UTC] PHP Warning:  session_destroy(): Trying to destroy uninitialized session in E:\www\admin\sessionunset.php on line 4
[31-May-2021 11:52:01 UTC] PHP Warning:  session_destroy(): Trying to destroy uninitialized session in E:\www\admin\sessionunset.php on line 4
[31-May-2021 12:07:11 UTC] PHP Parse error:  syntax error, unexpected '<', expecting end of file in E:\www\admin\vardumpsession.php on line 6
[31-May-2021 12:07:48 UTC] PHP Fatal error:  Uncaught Error: Cannot use object of type __PHP_Incomplete_Class as array in E:\www\admin\vardumpsession.php:8
Stack trace:
#0 {main}
  thrown in E:\www\admin\vardumpsession.php on line 8
[31-May-2021 12:10:30 UTC] PHP Parse error:  syntax error, unexpected '->' (T_OBJECT_OPERATOR), expecting ';' in E:\www\include\Cart.php on line 37
[31-May-2021 12:11:56 UTC] PHP Fatal error:  main(): The script tried to execute a method or access a property of an incomplete object. Please ensure that the class definition &quot;Cart&quot; of the object you are trying to operate on was loaded _before_ unserialize() gets called or provide an autoloader to load the class definition in E:\www\admin\vardumpsession.php on line 14
[05-Jun-2021 04:57:22 UTC] PHP Warning:  session_destroy(): Trying to destroy uninitialized session in E:\www\admin\sessionunset.php on line 4
[05-Jun-2021 04:57:39 UTC] PHP Warning:  session_destroy(): Trying to destroy uninitialized session in E:\www\admin\sessionunset.php on line 4
[05-Jun-2021 05:18:15 UTC] PHP Fatal error:  Uncaught Error: Call to a member function getItems() on null in E:\www\admin\vardumpsession.php:13
Stack trace:
#0 {main}
  thrown in E:\www\admin\vardumpsession.php on line 13
[05-Jun-2021 05:20:03 UTC] PHP Fatal error:  Uncaught Error: Call to a member function getItems() on null in E:\www\admin\vardumpsession.php:13
Stack trace:
#0 {main}
  thrown in E:\www\admin\vardumpsession.php on line 13
[05-Jun-2021 05:22:21 UTC] PHP Fatal error:  Uncaught Error: Call to a member function getItems() on null in E:\www\admin\vardumpsession.php:13
Stack trace:
#0 {main}
  thrown in E:\www\admin\vardumpsession.php on line 13
[05-Jun-2021 05:24:54 UTC] PHP Fatal error:  Uncaught Error: Call to a member function getItems() on null in E:\www\admin\vardumpsession.php:13
Stack trace:
#0 {main}
  thrown in E:\www\admin\vardumpsession.php on line 13
[05-Jun-2021 05:48:29 UTC] PHP Fatal error:  Uncaught Error: Call to a member function getItems() on null in E:\www\admin\vardumpsession.php:13
Stack trace:
#0 {main}
  thrown in E:\www\admin\vardumpsession.php on line 13
[05-Jun-2021 08:33:29 UTC] PHP Fatal error:  Uncaught Error: Call to a member function getItems() on null in E:\www\admin\vardumpsession.php:13
Stack trace:
#0 {main}
  thrown in E:\www\admin\vardumpsession.php on line 13
[05-Jun-2021 08:34:11 UTC] PHP Fatal error:  Uncaught Error: Call to a member function getItems() on null in E:\www\admin\vardumpsession.php:13
Stack trace:
#0 {main}
  thrown in E:\www\admin\vardumpsession.php on line 13
[05-Jun-2021 08:34:33 UTC] PHP Fatal error:  Cannot use [] for reading in E:\www\admin\vardumpsession.php on line 9
[05-Jun-2021 08:34:39 UTC] PHP Fatal error:  Uncaught Error: Call to a member function getItems() on null in E:\www\admin\vardumpsession.php:14
Stack trace:
#0 {main}
  thrown in E:\www\admin\vardumpsession.php on line 14
[05-Jun-2021 08:35:30 UTC] PHP Fatal error:  Uncaught Error: Call to a member function getItems() on null in E:\www\admin\vardumpsession.php:13
Stack trace:
#0 {main}
  thrown in E:\www\admin\vardumpsession.php on line 13
[05-Jun-2021 09:39:02 UTC] PHP Fatal error:  Uncaught Error: Call to a member function getItems() on null in E:\www\admin\vardumpsession.php:13
Stack trace:
#0 {main}
  thrown in E:\www\admin\vardumpsession.php on line 13
[05-Jun-2021 09:45:45 UTC] PHP Fatal error:  Uncaught Error: Call to a member function getItems() on null in E:\www\admin\vardumpsession.php:13
Stack trace:
#0 {main}
  thrown in E:\www\admin\vardumpsession.php on line 13
[05-Jun-2021 10:17:14 UTC] PHP Fatal error:  Uncaught Error: Call to a member function getItems() on null in E:\www\admin\vardumpsession.php:13
Stack trace:
#0 {main}
  thrown in E:\www\admin\vardumpsession.php on line 13
[05-Jun-2021 10:47:05 UTC] PHP Fatal error:  Uncaught Error: Call to a member function getItems() on null in E:\www\admin\vardumpsession.php:13
Stack trace:
#0 {main}
  thrown in E:\www\admin\vardumpsession.php on line 13
[05-Jun-2021 10:47:11 UTC] PHP Fatal error:  Uncaught Error: Call to a member function getItems() on null in E:\www\admin\vardumpsession.php:13
Stack trace:
#0 {main}
  thrown in E:\www\admin\vardumpsession.php on line 13
[05-Jun-2021 14:58:57 UTC] PHP Warning:  session_destroy(): Trying to destroy uninitialized session in E:\www\admin\sessionunset.php on line 4
[05-Jun-2021 14:59:22 UTC] PHP Fatal error:  Uncaught Error: Call to a member function getItems() on null in E:\www\admin\vardumpsession.php:13
Stack trace:
#0 {main}
  thrown in E:\www\admin\vardumpsession.php on line 13
[05-Jun-2021 17:12:06 UTC] PHP Fatal error:  Uncaught Error: Call to a member function getItems() on null in E:\www\admin\vardumpsession.php:13
Stack trace:
#0 {main}
  thrown in E:\www\admin\vardumpsession.php on line 13
[05-Jun-2021 17:23:38 UTC] PHP Fatal error:  Uncaught Error: Call to a member function getItems() on null in E:\www\admin\vardumpsession.php:13
Stack trace:
#0 {main}
  thrown in E:\www\admin\vardumpsession.php on line 13
[06-Jun-2021 10:49:02 UTC] PHP Fatal error:  Uncaught Error: Call to a member function getItems() on null in E:\www\admin\vardumpsession.php:13
Stack trace:
#0 {main}
  thrown in E:\www\admin\vardumpsession.php on line 13
[06-Jun-2021 12:12:25 UTC] PHP Fatal error:  Uncaught Error: Call to a member function getItems() on null in E:\www\admin\vardumpsession.php:13
Stack trace:
#0 {main}
  thrown in E:\www\admin\vardumpsession.php on line 13
[06-Jun-2021 12:12:26 UTC] PHP Fatal error:  Uncaught Error: Call to a member function getItems() on null in E:\www\admin\vardumpsession.php:13
Stack trace:
#0 {main}
  thrown in E:\www\admin\vardumpsession.php on line 13
[06-Jun-2021 12:13:55 UTC] PHP Fatal error:  Uncaught Error: Call to a member function getItems() on null in E:\www\admin\vardumpsession.php:13
Stack trace:
#0 {main}
  thrown in E:\www\admin\vardumpsession.php on line 13
[06-Jun-2021 12:15:57 UTC] PHP Fatal error:  Uncaught Error: Call to a member function getItems() on null in E:\www\admin\vardumpsession.php:13
Stack trace:
#0 {main}
  thrown in E:\www\admin\vardumpsession.php on line 13
[06-Jun-2021 13:18:59 UTC] PHP Fatal error:  Uncaught Error: Call to a member function getItems() on null in E:\www\admin\vardumpsession.php:13
Stack trace:
#0 {main}
  thrown in E:\www\admin\vardumpsession.php on line 13
[06-Jun-2021 13:26:52 UTC] PHP Fatal error:  Uncaught Error: Call to a member function getItems() on null in E:\www\admin\vardumpsession.php:13
Stack trace:
#0 {main}
  thrown in E:\www\admin\vardumpsession.php on line 13
[06-Jun-2021 13:28:00 UTC] PHP Fatal error:  Uncaught Error: Call to a member function getItems() on null in E:\www\admin\vardumpsession.php:13
Stack trace:
#0 {main}
  thrown in E:\www\admin\vardumpsession.php on line 13
[06-Jun-2021 13:29:01 UTC] PHP Fatal error:  Uncaught Error: Call to a member function getItems() on null in E:\www\admin\vardumpsession.php:13
Stack trace:
#0 {main}
  thrown in E:\www\admin\vardumpsession.php on line 13
[06-Jun-2021 14:08:16 UTC] PHP Fatal error:  Uncaught Error: Call to a member function getItems() on null in E:\www\admin\vardumpsession.php:13
Stack trace:
#0 {main}
  thrown in E:\www\admin\vardumpsession.php on line 13
[06-Jun-2021 14:15:47 UTC] PHP Fatal error:  Uncaught Error: Call to a member function getItems() on null in E:\www\admin\vardumpsession.php:13
Stack trace:
#0 {main}
  thrown in E:\www\admin\vardumpsession.php on line 13
[06-Jun-2021 15:45:39 UTC] PHP Warning:  mail(): Failed to connect to mailserver at &quot;localhost&quot; port 25, verify your &quot;SMTP&quot; and &quot;smtp_port&quot; setting in php.ini or use ini_set() in E:\www\admin\admin.php on line 72
[06-Jun-2021 15:45:41 UTC] PHP Warning:  mail(): Failed to connect to mailserver at &quot;localhost&quot; port 25, verify your &quot;SMTP&quot; and &quot;smtp_port&quot; setting in php.ini or use ini_set() in E:\www\admin\admin.php on line 72
[06-Jun-2021 15:45:55 UTC] PHP Warning:  mail(): Failed to connect to mailserver at &quot;localhost&quot; port 25, verify your &quot;SMTP&quot; and &quot;smtp_port&quot; setting in php.ini or use ini_set() in E:\www\admin\admin.php on line 72
[07-Jun-2021 16:02:12 UTC] PHP Warning:  mail(): Failed to connect to mailserver at &quot;localhost&quot; port 25, verify your &quot;SMTP&quot; and &quot;smtp_port&quot; setting in php.ini or use ini_set() in E:\www\admin\admin.php on line 72
[07-Jun-2021 16:05:06 UTC] PHP Warning:  mail(): Failed to connect to mailserver at &quot;localhost&quot; port 25, verify your &quot;SMTP&quot; and &quot;smtp_port&quot; setting in php.ini or use ini_set() in E:\www\admin\admin.php on line 72
[07-Jun-2021 16:06:04 UTC] PHP Warning:  mail(): Failed to connect to mailserver at &quot;localhost&quot; port 25, verify your &quot;SMTP&quot; and &quot;smtp_port&quot; setting in php.ini or use ini_set() in E:\www\admin\admin.php on line 72
[07-Jun-2021 16:06:19 UTC] PHP Warning:  mail(): Failed to connect to mailserver at &quot;localhost&quot; port 25, verify your &quot;SMTP&quot; and &quot;smtp_port&quot; setting in php.ini or use ini_set() in E:\www\admin\admin.php on line 72
[07-Jun-2021 16:07:06 UTC] PHP Warning:  mail(): Failed to connect to mailserver at &quot;localhost&quot; port 25, verify your &quot;SMTP&quot; and &quot;smtp_port&quot; setting in php.ini or use ini_set() in E:\www\admin\admin.php on line 72
[07-Jun-2021 16:08:41 UTC] PHP Warning:  mail(): Failed to connect to mailserver at &quot;localhost&quot; port 25, verify your &quot;SMTP&quot; and &quot;smtp_port&quot; setting in php.ini or use ini_set() in E:\www\admin\admin.php on line 72
[07-Jun-2021 16:08:49 UTC] PHP Warning:  mail(): Failed to connect to mailserver at &quot;localhost&quot; port 25, verify your &quot;SMTP&quot; and &quot;smtp_port&quot; setting in php.ini or use ini_set() in E:\www\admin\admin.php on line 72
[07-Jun-2021 16:09:26 UTC] PHP Warning:  mail(): Failed to connect to mailserver at &quot;localhost&quot; port 25, verify your &quot;SMTP&quot; and &quot;smtp_port&quot; setting in php.ini or use ini_set() in E:\www\admin\admin.php on line 72
[07-Jun-2021 16:12:25 UTC] PHP Warning:  mail(): Failed to connect to mailserver at &quot;localhost&quot; port 25, verify your &quot;SMTP&quot; and &quot;smtp_port&quot; setting in php.ini or use ini_set() in E:\www\admin\admin.php on line 72
[07-Jun-2021 16:14:39 UTC] PHP Warning:  mail(): Failed to connect to mailserver at &quot;localhost&quot; port 25, verify your &quot;SMTP&quot; and &quot;smtp_port&quot; setting in php.ini or use ini_set() in E:\www\admin\admin.php on line 72
